<?xml version="1.0" encoding="UTF-8"?>
<!-- Generated by org.testng.reporters.JUnitReportReporter -->
<testsuite hostname="DESKTOP-4334PHR" name="com.marchbatch.scripts.TestOne" tests="1" failures="0" timestamp="24 Mar 2021 02:42:22 GMT" time="12.592" errors="0">
  <testcase name="test" time="12.592" classname="com.marchbatch.scripts.TestOne"/>
</testsuite> <!-- com.marchbatch.scripts.TestOne -->
