<?xml version="1.0" encoding="UTF-8"?>
<!-- Generated by org.testng.reporters.JUnitReportReporter -->
<testsuite hostname="DESKTOP-4334PHR" name="com.marchbatch.scripts.TestTwo" tests="1" failures="0" timestamp="24 Mar 2021 02:47:34 GMT" time="11.921" errors="0">
  <testcase name="demo" time="11.921" classname="com.marchbatch.scripts.TestTwo"/>
</testsuite> <!-- com.marchbatch.scripts.TestTwo -->
